<?xml version="1.0" encoding="UTF-8"?>
<testsuite name="sta_que.PseudoQueueTest" tests="1" skipped="0" failures="0" errors="0" timestamp="2019-08-20T17:22:16" hostname="38f9d352597e.ant.amazon.com" time="0.004">
  <properties/>
  <testcase name="dequeue" classname="sta_que.PseudoQueueTest" time="0.004"/>
  <system-out><![CDATA[]]></system-out>
  <system-err><![CDATA[]]></system-err>
</testsuite>
